[20:40:56] [ServerMain/INFO]: [STDERR]: You have used the Spigot command line EULA agreement flag.
[20:40:56] [ServerMain/INFO]: [STDERR]: By using this setting you are indicating your agreement to Mojang's EULA (https://account.mojang.com/documents/minecraft_eula).
[20:40:56] [ServerMain/INFO]: [STDERR]: If you do not agree to the above EULA please stop your server and remove this flag immediately.
[20:40:56] [ServerMain/INFO]: Environment: Environment[sessionHost=https://sessionserver.mojang.com, servicesHost=https://api.minecraftservices.com, name=PROD]
[20:40:58] [ServerMain/INFO]: Loaded 1370 recipes
[20:40:58] [Server thread/INFO]: Starting minecraft server version 1.21.4
[20:40:58] [Server thread/INFO]: Loading properties
[20:40:58] [Server thread/INFO]: This server is running CraftBukkit version 4415-Spigot-60c9969-561ceb9 (MC: 1.21.4) (Implementing API version 1.21.4-R0.1-SNAPSHOT)
[20:40:58] [Server thread/INFO]: *** This version of Spigot contains changes to some enums. If you notice that plugins no longer work after updating, please report this to the developers of those plugins first. ***
[20:40:58] [Server thread/INFO]: *** If you cannot update those plugins, you can try setting `settings.compatibility.enum-compatibility-mode` to `true` in `bukkit.yml`. ***
[20:40:59] [Server thread/INFO]: Debug logging is disabled
[20:40:59] [Server thread/INFO]: Server Ping Player Sample Count: 12
[20:40:59] [Server thread/INFO]: Using 4 threads for Netty based IO
[20:40:59] [Server thread/INFO]: Default game type: SURVIVAL
[20:40:59] [Server thread/INFO]: Generating keypair
[20:40:59] [Server thread/INFO]: Starting Minecraft server on *:25565
[20:40:59] [Server thread/INFO]: Using default channel type
[20:40:59] [Server thread/INFO]: [Quasar] Loading Quasar v${version}
[20:40:59] [Server thread/INFO]: Preparing level "world"
[20:40:59] [Server thread/INFO]: -------- World Settings For [world] --------
[20:40:59] [Server thread/INFO]: Mob Spawn Range: 6
[20:40:59] [Server thread/INFO]: Custom Map Seeds:  Village: 10387312 Desert: 14357617 Igloo: 14357618 Jungle: 14357619 Swamp: 14357620 Monument: 10387313 Ocean: 14357621 Shipwreck: 165745295 End City: 10387313 Slime: 987234911 Nether: 30084232 Mansion: 10387319 Fossil: 14357921 Portal: 34222645
[20:40:59] [Server thread/INFO]: Tile Max Tick Time: 50ms Entity max Tick Time: 50ms
[20:40:59] [Server thread/INFO]: Max TNT Explosions: 100
[20:40:59] [Server thread/INFO]: Cactus Growth Modifier: 100%
[20:40:59] [Server thread/INFO]: Cane Growth Modifier: 100%
[20:40:59] [Server thread/INFO]: Melon Growth Modifier: 100%
[20:40:59] [Server thread/INFO]: Mushroom Growth Modifier: 100%
[20:40:59] [Server thread/INFO]: Pumpkin Growth Modifier: 100%
[20:40:59] [Server thread/INFO]: Sapling Growth Modifier: 100%
[20:40:59] [Server thread/INFO]: Beetroot Growth Modifier: 100%
[20:40:59] [Server thread/INFO]: Carrot Growth Modifier: 100%
[20:40:59] [Server thread/INFO]: Potato Growth Modifier: 100%
[20:40:59] [Server thread/INFO]: Wheat Growth Modifier: 100%
[20:40:59] [Server thread/INFO]: NetherWart Growth Modifier: 100%
[20:40:59] [Server thread/INFO]: Vine Growth Modifier: 100%
[20:40:59] [Server thread/INFO]: Cocoa Growth Modifier: 100%
[20:40:59] [Server thread/INFO]: Bamboo Growth Modifier: 100%
[20:40:59] [Server thread/INFO]: SweetBerry Growth Modifier: 100%
[20:40:59] [Server thread/INFO]: Kelp Growth Modifier: 100%
[20:40:59] [Server thread/INFO]: TwistingVines Growth Modifier: 100%
[20:40:59] [Server thread/INFO]: WeepingVines Growth Modifier: 100%
[20:40:59] [Server thread/INFO]: CaveVines Growth Modifier: 100%
[20:40:59] [Server thread/INFO]: Entity Activation Range: An 32 / Mo 32 / Ra 48 / Mi 16 / Tiv true / Isa false
[20:40:59] [Server thread/INFO]: Entity Tracking Range: Pl 48 / An 48 / Mo 48 / Mi 32 / Di 128 / Other 64
[20:40:59] [Server thread/INFO]: Allow Zombie Pigmen to spawn from portal blocks: true
[20:40:59] [Server thread/INFO]: Item Despawn Rate: 6000
[20:40:59] [Server thread/INFO]: Simulation Distance: 10
[20:40:59] [Server thread/INFO]: View Distance: 10
[20:40:59] [Server thread/INFO]: Arrow Despawn Rate: 1200 Trident Respawn Rate:1200
[20:40:59] [Server thread/INFO]: Item Merge Radius: 2.5
[20:40:59] [Server thread/INFO]: Nerfing mobs spawned from spawners: false
[20:40:59] [Server thread/INFO]: Zombie Aggressive Towards Villager: true
[20:40:59] [Server thread/INFO]: Experience Merge Radius: 3.0
[20:40:59] [Server thread/INFO]: Hopper Transfer: 8 Hopper Check: 1 Hopper Amount: 1 Hopper Can Load Chunks: false
[20:40:59] [Server thread/INFO]: -------- World Settings For [world_nether] --------
[20:40:59] [Server thread/INFO]: Mob Spawn Range: 6
[20:40:59] [Server thread/INFO]: Custom Map Seeds:  Village: 10387312 Desert: 14357617 Igloo: 14357618 Jungle: 14357619 Swamp: 14357620 Monument: 10387313 Ocean: 14357621 Shipwreck: 165745295 End City: 10387313 Slime: 987234911 Nether: 30084232 Mansion: 10387319 Fossil: 14357921 Portal: 34222645
[20:40:59] [Server thread/INFO]: Tile Max Tick Time: 50ms Entity max Tick Time: 50ms
[20:40:59] [Server thread/INFO]: Max TNT Explosions: 100
[20:40:59] [Server thread/INFO]: Cactus Growth Modifier: 100%
[20:40:59] [Server thread/INFO]: Cane Growth Modifier: 100%
[20:40:59] [Server thread/INFO]: Melon Growth Modifier: 100%
[20:40:59] [Server thread/INFO]: Mushroom Growth Modifier: 100%
[20:40:59] [Server thread/INFO]: Pumpkin Growth Modifier: 100%
[20:40:59] [Server thread/INFO]: Sapling Growth Modifier: 100%
[20:40:59] [Server thread/INFO]: Beetroot Growth Modifier: 100%
[20:40:59] [Server thread/INFO]: Carrot Growth Modifier: 100%
[20:40:59] [Server thread/INFO]: Potato Growth Modifier: 100%
[20:40:59] [Server thread/INFO]: Wheat Growth Modifier: 100%
[20:40:59] [Server thread/INFO]: NetherWart Growth Modifier: 100%
[20:40:59] [Server thread/INFO]: Vine Growth Modifier: 100%
[20:40:59] [Server thread/INFO]: Cocoa Growth Modifier: 100%
[20:40:59] [Server thread/INFO]: Bamboo Growth Modifier: 100%
[20:40:59] [Server thread/INFO]: SweetBerry Growth Modifier: 100%
[20:40:59] [Server thread/INFO]: Kelp Growth Modifier: 100%
[20:40:59] [Server thread/INFO]: TwistingVines Growth Modifier: 100%
[20:40:59] [Server thread/INFO]: WeepingVines Growth Modifier: 100%
[20:40:59] [Server thread/INFO]: CaveVines Growth Modifier: 100%
[20:40:59] [Server thread/INFO]: Entity Activation Range: An 32 / Mo 32 / Ra 48 / Mi 16 / Tiv true / Isa false
[20:40:59] [Server thread/INFO]: Entity Tracking Range: Pl 48 / An 48 / Mo 48 / Mi 32 / Di 128 / Other 64
[20:40:59] [Server thread/INFO]: Allow Zombie Pigmen to spawn from portal blocks: true
[20:40:59] [Server thread/INFO]: Item Despawn Rate: 6000
[20:40:59] [Server thread/INFO]: Simulation Distance: 10
[20:40:59] [Server thread/INFO]: View Distance: 10
[20:40:59] [Server thread/INFO]: Arrow Despawn Rate: 1200 Trident Respawn Rate:1200
[20:40:59] [Server thread/INFO]: Item Merge Radius: 2.5
[20:40:59] [Server thread/INFO]: Nerfing mobs spawned from spawners: false
[20:40:59] [Server thread/INFO]: Zombie Aggressive Towards Villager: true
[20:40:59] [Server thread/INFO]: Experience Merge Radius: 3.0
[20:40:59] [Server thread/INFO]: Hopper Transfer: 8 Hopper Check: 1 Hopper Amount: 1 Hopper Can Load Chunks: false
[20:40:59] [Server thread/INFO]: -------- World Settings For [world_the_end] --------
[20:40:59] [Server thread/INFO]: Mob Spawn Range: 6
[20:40:59] [Server thread/INFO]: Custom Map Seeds:  Village: 10387312 Desert: 14357617 Igloo: 14357618 Jungle: 14357619 Swamp: 14357620 Monument: 10387313 Ocean: 14357621 Shipwreck: 165745295 End City: 10387313 Slime: 987234911 Nether: 30084232 Mansion: 10387319 Fossil: 14357921 Portal: 34222645
[20:40:59] [Server thread/INFO]: Tile Max Tick Time: 50ms Entity max Tick Time: 50ms
[20:40:59] [Server thread/INFO]: Max TNT Explosions: 100
[20:40:59] [Server thread/INFO]: Cactus Growth Modifier: 100%
[20:40:59] [Server thread/INFO]: Cane Growth Modifier: 100%
[20:40:59] [Server thread/INFO]: Melon Growth Modifier: 100%
[20:40:59] [Server thread/INFO]: Mushroom Growth Modifier: 100%
[20:40:59] [Server thread/INFO]: Pumpkin Growth Modifier: 100%
[20:40:59] [Server thread/INFO]: Sapling Growth Modifier: 100%
[20:40:59] [Server thread/INFO]: Beetroot Growth Modifier: 100%
[20:40:59] [Server thread/INFO]: Carrot Growth Modifier: 100%
[20:40:59] [Server thread/INFO]: Potato Growth Modifier: 100%
[20:40:59] [Server thread/INFO]: Wheat Growth Modifier: 100%
[20:40:59] [Server thread/INFO]: NetherWart Growth Modifier: 100%
[20:40:59] [Server thread/INFO]: Vine Growth Modifier: 100%
[20:40:59] [Server thread/INFO]: Cocoa Growth Modifier: 100%
[20:40:59] [Server thread/INFO]: Bamboo Growth Modifier: 100%
[20:40:59] [Server thread/INFO]: SweetBerry Growth Modifier: 100%
[20:40:59] [Server thread/INFO]: Kelp Growth Modifier: 100%
[20:40:59] [Server thread/INFO]: TwistingVines Growth Modifier: 100%
[20:40:59] [Server thread/INFO]: WeepingVines Growth Modifier: 100%
[20:40:59] [Server thread/INFO]: CaveVines Growth Modifier: 100%
[20:40:59] [Server thread/INFO]: Entity Activation Range: An 32 / Mo 32 / Ra 48 / Mi 16 / Tiv true / Isa false
[20:40:59] [Server thread/INFO]: Entity Tracking Range: Pl 48 / An 48 / Mo 48 / Mi 32 / Di 128 / Other 64
[20:40:59] [Server thread/INFO]: Allow Zombie Pigmen to spawn from portal blocks: true
[20:40:59] [Server thread/INFO]: Item Despawn Rate: 6000
[20:40:59] [Server thread/INFO]: Simulation Distance: 10
[20:40:59] [Server thread/INFO]: View Distance: 10
[20:40:59] [Server thread/INFO]: Arrow Despawn Rate: 1200 Trident Respawn Rate:1200
[20:40:59] [Server thread/INFO]: Item Merge Radius: 2.5
[20:40:59] [Server thread/INFO]: Nerfing mobs spawned from spawners: false
[20:40:59] [Server thread/INFO]: Zombie Aggressive Towards Villager: true
[20:40:59] [Server thread/INFO]: Experience Merge Radius: 3.0
[20:40:59] [Server thread/INFO]: Hopper Transfer: 8 Hopper Check: 1 Hopper Amount: 1 Hopper Can Load Chunks: false
[20:40:59] [Server thread/INFO]: Preparing start region for dimension minecraft:overworld
[20:41:00] [Worker-Main-12/INFO]: Preparing spawn area: 0%
[20:41:00] [Worker-Main-12/INFO]: Preparing spawn area: 0%
[20:41:00] [Server thread/INFO]: Time elapsed: 881 ms
[20:41:00] [Server thread/INFO]: Preparing start region for dimension minecraft:the_nether
[20:41:00] [Worker-Main-4/INFO]: Preparing spawn area: 0%
[20:41:01] [Worker-Main-5/INFO]: Preparing spawn area: 51%
[20:41:01] [Worker-Main-5/INFO]: Preparing spawn area: 51%
[20:41:02] [Worker-Main-12/INFO]: Preparing spawn area: 51%
[20:41:02] [Server thread/INFO]: Time elapsed: 1715 ms
[20:41:02] [Server thread/INFO]: Preparing start region for dimension minecraft:the_end
[20:41:02] [Worker-Main-8/INFO]: Preparing spawn area: 0%
[20:41:02] [Worker-Main-12/INFO]: Preparing spawn area: 77%
[20:41:02] [Server thread/INFO]: Time elapsed: 539 ms
[20:41:02] [Server thread/INFO]: [Quasar] Enabling Quasar v${version}
[20:41:02] [Server thread/INFO]: Running
[20:41:03] [Server thread/INFO]: Server permissions file permissions.yml is empty, ignoring it
[20:41:03] [Server thread/INFO]: Done (4.528s)! For help, type "help"
[20:41:06] [User Authenticator #1/INFO]: UUID of player TheRedMagic is c46d2c49-5de2-48aa-9d50-bdb694491eb4
[20:41:07] [Server thread/INFO]: TheRedMagic joined the game
[20:41:07] [Server thread/INFO]: TheRedMagic[/127.0.0.1:59070] logged in with entity id 59 at ([world]24.351792253743497, 63.0, -22.473756327736137)
[20:41:09] [Server thread/INFO]: TheRedMagic issued server command: /quasar entities MINECART spawn
[20:41:10] [Server thread/INFO]: TheRedMagic issued server command: /quasar entities MINECART spawn
[20:41:11] [Server thread/INFO]: TheRedMagic issued server command: /quasar entities MINECART spawn
[20:41:12] [Server thread/INFO]: TheRedMagic issued server command: /quasar entities MINECART spawn
[20:41:13] [Server thread/INFO]: TheRedMagic issued server command: /quasar entities MINECART kill
[20:41:21] [Server thread/INFO]: TheRedMagic issued server command: /quasar entities MINECART spawn
[20:41:22] [Server thread/INFO]: TheRedMagic issued server command: /quasar entities MINECART spawn
[20:41:23] [Server thread/INFO]: TheRedMagic issued server command: /quasar entities MINECART spawn
[20:41:23] [Server thread/INFO]: TheRedMagic issued server command: /quasar entities MINECART spawn
[20:41:24] [Server thread/INFO]: TheRedMagic issued server command: /quasar entities MINECART spawn
[20:41:25] [Server thread/INFO]: TheRedMagic issued server command: /quasar entities MINECART spawn
[20:41:26] [Server thread/INFO]: TheRedMagic issued server command: /quasar entities MINECART spawn
[20:41:28] [Server thread/INFO]: TheRedMagic issued server command: /quasar entities MINECART kill
[20:41:30] [Server thread/INFO]: TheRedMagic lost connection: Disconnected
[20:41:30] [Server thread/INFO]: TheRedMagic left the game
[20:42:10] [User Authenticator #2/INFO]: UUID of player TheRedMagic is c46d2c49-5de2-48aa-9d50-bdb694491eb4
[20:42:10] [Server thread/INFO]: TheRedMagic joined the game
[20:42:10] [Server thread/INFO]: TheRedMagic[/127.0.0.1:59171] logged in with entity id 258 at ([world]27.33759037974479, 83.33572522663965, -18.437125251323412)
[20:42:22] [Server thread/INFO]: TheRedMagic issued server command: /quasar entities MINECART spawn
[20:42:26] [Server thread/INFO]: TheRedMagic issued server command: /quasar entities MINECART spawn
[20:42:27] [Server thread/INFO]: TheRedMagic issued server command: /quasar entities MINECART spawn
[20:42:27] [Server thread/INFO]: TheRedMagic issued server command: /quasar entities MINECART spawn
[20:42:31] [Server thread/INFO]: TheRedMagic issued server command: /quasar entities MINECART kill
[20:43:45] [Server thread/INFO]: TheRedMagic lost connection: Disconnected
[20:43:45] [Server thread/INFO]: TheRedMagic left the game
[20:44:45] [Server thread/INFO]: Server empty for 60 seconds, pausing
